{"$message_type":"diagnostic","message":"unresolved import `halo_core::ProverConfig`","code":{"code":"E0432","explanation":"An import was unresolved.\n\nErroneous code example:\n\n```compile_fail,E0432\nuse something::Foo; // error: unresolved import `something::Foo`.\n```\n\nIn Rust 2015, paths in `use` statements are relative to the crate root. To\nimport items relative to the current and parent modules, use the `self::` and\n`super::` prefixes, respectively.\n\nIn Rust 2018 or later, paths in `use` statements are relative to the current\nmodule unless they begin with the name of a crate or a literal `crate::`, in\nwhich case they start from the crate root. As in Rust 2015 code, the `self::`\nand `super::` prefixes refer to the current and parent modules respectively.\n\nAlso verify that you didn't misspell the import name and that the import exists\nin the module from where you tried to import it. Example:\n\n```\nuse self::something::Foo; // Ok.\n\nmod something {\n    pub struct Foo;\n}\n# fn main() {}\n```\n\nIf you tried to use a module from an external crate and are using Rust 2015,\nyou may have missed the `extern crate` declaration (which is usually placed in\nthe crate root):\n\n```edition2015\nextern crate core; // Required to use the `core` crate in Rust 2015.\n\nuse core::any;\n# fn main() {}\n```\n\nSince Rust 2018 the `extern crate` declaration is not required and\nyou can instead just `use` it:\n\n```edition2018\nuse core::any; // No extern crate required in Rust 2018.\n# fn main() {}\n```\n"},"level":"error","spans":[{"file_name":"crates/halo/examples/examples/scalar_multiplication_sequencer.rs","byte_start":275,"byte_end":287,"line_start":7,"line_end":7,"column_start":71,"column_end":83,"is_primary":true,"text":[{"text":"use halo_core::{Scalar, GroupElement, Circuit, CircuitConfig, Prover, ProverConfig};","highlight_start":71,"highlight_end":83}],"label":"no `ProverConfig` in the root","suggested_replacement":null,"suggestion_applicability":null,"expansion":null}],"children":[{"message":"consider importing this struct instead:\nhalo_core::prover::ProverConfig","code":null,"level":"help","spans":[],"children":[],"rendered":null}],"rendered":"\u001b[0m\u001b[1m\u001b[38;5;9merror[E0432]\u001b[0m\u001b[0m\u001b[1m: unresolved import `halo_core::ProverConfig`\u001b[0m\n\u001b[0m \u001b[0m\u001b[0m\u001b[1m\u001b[38;5;12m--> \u001b[0m\u001b[0mcrates/halo/examples/examples/scalar_multiplication_sequencer.rs:7:71\u001b[0m\n\u001b[0m  \u001b[0m\u001b[0m\u001b[1m\u001b[38;5;12m|\u001b[0m\n\u001b[0m\u001b[1m\u001b[38;5;12m7\u001b[0m\u001b[0m \u001b[0m\u001b[0m\u001b[1m\u001b[38;5;12m|\u001b[0m\u001b[0m \u001b[0m\u001b[0muse halo_core::{Scalar, GroupElement, Circuit, CircuitConfig, Prover, ProverConfig};\u001b[0m\n\u001b[0m  \u001b[0m\u001b[0m\u001b[1m\u001b[38;5;12m|\u001b[0m\u001b[0m                                                                       \u001b[0m\u001b[0m\u001b[1m\u001b[38;5;9m^^^^^^^^^^^^\u001b[0m\u001b[0m \u001b[0m\u001b[0m\u001b[1m\u001b[38;5;9mno `ProverConfig` in the root\u001b[0m\n\u001b[0m  \u001b[0m\u001b[0m\u001b[1m\u001b[38;5;12m|\u001b[0m\n\u001b[0m  \u001b[0m\u001b[0m\u001b[1m\u001b[38;5;12m= \u001b[0m\u001b[0m\u001b[1mhelp\u001b[0m\u001b[0m: consider importing this struct instead:\u001b[0m\n\u001b[0m          halo_core::prover::ProverConfig\u001b[0m\n\n"}
{"$message_type":"diagnostic","message":"failed to resolve: use of unresolved module or unlinked crate `bls12_381`","code":{"code":"E0433","explanation":"An undeclared crate, module, or type was used.\n\nErroneous code example:\n\n```compile_fail,E0433\nlet map = HashMap::new();\n// error: failed to resolve: use of undeclared type `HashMap`\n```\n\nPlease verify you didn't misspell the type/module's name or that you didn't\nforget to import it:\n\n```\nuse std::collections::HashMap; // HashMap has been imported.\nlet map: HashMap<u32, u32> = HashMap::new(); // So it can be used!\n```\n\nIf you've expected to use a crate name:\n\n```compile_fail\nuse ferris_wheel::BigO;\n// error: failed to resolve: use of undeclared module or unlinked crate\n```\n\nMake sure the crate has been added as a dependency in `Cargo.toml`.\n\nTo use a module from your current crate, add the `crate::` prefix to the path.\n"},"level":"error","spans":[{"file_name":"crates/halo/examples/examples/scalar_multiplication_sequencer.rs","byte_start":1064,"byte_end":1073,"line_start":32,"line_end":32,"column_start":20,"column_end":29,"is_primary":true,"text":[{"text":"        let base = bls12_381::G1Projective::random(&mut rng).to_affine();","highlight_start":20,"highlight_end":29}],"label":"use of unresolved module or unlinked crate `bls12_381`","suggested_replacement":null,"suggestion_applicability":null,"expansion":null}],"children":[{"message":"if you wanted to use a crate named `bls12_381`, use `cargo add bls12_381` to add it to your `Cargo.toml`","code":null,"level":"help","spans":[],"children":[],"rendered":null}],"rendered":"\u001b[0m\u001b[1m\u001b[38;5;9merror[E0433]\u001b[0m\u001b[0m\u001b[1m: failed to resolve: use of unresolved module or unlinked crate `bls12_381`\u001b[0m\n\u001b[0m  \u001b[0m\u001b[0m\u001b[1m\u001b[38;5;12m--> \u001b[0m\u001b[0mcrates/halo/examples/examples/scalar_multiplication_sequencer.rs:32:20\u001b[0m\n\u001b[0m   \u001b[0m\u001b[0m\u001b[1m\u001b[38;5;12m|\u001b[0m\n\u001b[0m\u001b[1m\u001b[38;5;12m32\u001b[0m\u001b[0m \u001b[0m\u001b[0m\u001b[1m\u001b[38;5;12m|\u001b[0m\u001b[0m \u001b[0m\u001b[0m        let base = bls12_381::G1Projective::random(&mut rng).to_affine();\u001b[0m\n\u001b[0m   \u001b[0m\u001b[0m\u001b[1m\u001b[38;5;12m|\u001b[0m\u001b[0m                    \u001b[0m\u001b[0m\u001b[1m\u001b[38;5;9m^^^^^^^^^\u001b[0m\u001b[0m \u001b[0m\u001b[0m\u001b[1m\u001b[38;5;9muse of unresolved module or unlinked crate `bls12_381`\u001b[0m\n\u001b[0m   \u001b[0m\u001b[0m\u001b[1m\u001b[38;5;12m|\u001b[0m\n\u001b[0m   \u001b[0m\u001b[0m\u001b[1m\u001b[38;5;12m= \u001b[0m\u001b[0m\u001b[1mhelp\u001b[0m\u001b[0m: if you wanted to use a crate named `bls12_381`, use `cargo add bls12_381` to add it to your `Cargo.toml`\u001b[0m\n\n"}
{"$message_type":"diagnostic","message":"failed to resolve: use of unresolved module or unlinked crate `bls12_381`","code":{"code":"E0433","explanation":"An undeclared crate, module, or type was used.\n\nErroneous code example:\n\n```compile_fail,E0433\nlet map = HashMap::new();\n// error: failed to resolve: use of undeclared type `HashMap`\n```\n\nPlease verify you didn't misspell the type/module's name or that you didn't\nforget to import it:\n\n```\nuse std::collections::HashMap; // HashMap has been imported.\nlet map: HashMap<u32, u32> = HashMap::new(); // So it can be used!\n```\n\nIf you've expected to use a crate name:\n\n```compile_fail\nuse ferris_wheel::BigO;\n// error: failed to resolve: use of undeclared module or unlinked crate\n```\n\nMake sure the crate has been added as a dependency in `Cargo.toml`.\n\nTo use a module from your current crate, add the `crate::` prefix to the path.\n"},"level":"error","spans":[{"file_name":"crates/halo/examples/examples/scalar_multiplication_sequencer.rs","byte_start":2292,"byte_end":2301,"line_start":64,"line_end":64,"column_start":20,"column_end":29,"is_primary":true,"text":[{"text":"    let mut base = bls12_381::G1Projective::random(&mut rng).to_affine();","highlight_start":20,"highlight_end":29}],"label":"use of unresolved module or unlinked crate `bls12_381`","suggested_replacement":null,"suggestion_applicability":null,"expansion":null}],"children":[{"message":"if you wanted to use a crate named `bls12_381`, use `cargo add bls12_381` to add it to your `Cargo.toml`","code":null,"level":"help","spans":[],"children":[],"rendered":null}],"rendered":"\u001b[0m\u001b[1m\u001b[38;5;9merror[E0433]\u001b[0m\u001b[0m\u001b[1m: failed to resolve: use of unresolved module or unlinked crate `bls12_381`\u001b[0m\n\u001b[0m  \u001b[0m\u001b[0m\u001b[1m\u001b[38;5;12m--> \u001b[0m\u001b[0mcrates/halo/examples/examples/scalar_multiplication_sequencer.rs:64:20\u001b[0m\n\u001b[0m   \u001b[0m\u001b[0m\u001b[1m\u001b[38;5;12m|\u001b[0m\n\u001b[0m\u001b[1m\u001b[38;5;12m64\u001b[0m\u001b[0m \u001b[0m\u001b[0m\u001b[1m\u001b[38;5;12m|\u001b[0m\u001b[0m \u001b[0m\u001b[0m    let mut base = bls12_381::G1Projective::random(&mut rng).to_affine();\u001b[0m\n\u001b[0m   \u001b[0m\u001b[0m\u001b[1m\u001b[38;5;12m|\u001b[0m\u001b[0m                    \u001b[0m\u001b[0m\u001b[1m\u001b[38;5;9m^^^^^^^^^\u001b[0m\u001b[0m \u001b[0m\u001b[0m\u001b[1m\u001b[38;5;9muse of unresolved module or unlinked crate `bls12_381`\u001b[0m\n\u001b[0m   \u001b[0m\u001b[0m\u001b[1m\u001b[38;5;12m|\u001b[0m\n\u001b[0m   \u001b[0m\u001b[0m\u001b[1m\u001b[38;5;12m= \u001b[0m\u001b[0m\u001b[1mhelp\u001b[0m\u001b[0m: if you wanted to use a crate named `bls12_381`, use `cargo add bls12_381` to add it to your `Cargo.toml`\u001b[0m\n\n"}
{"$message_type":"diagnostic","message":"unused import: `AccumulatorInstance`","code":{"code":"unused_imports","explanation":null},"level":"warning","spans":[{"file_name":"crates/halo/examples/examples/scalar_multiplication_sequencer.rs","byte_start":341,"byte_end":360,"line_start":8,"line_end":8,"column_start":52,"column_end":71,"is_primary":true,"text":[{"text":"use halo_recursion::{fold_proof, verify_recursive, AccumulatorInstance};","highlight_start":52,"highlight_end":71}],"label":null,"suggested_replacement":null,"suggestion_applicability":null,"expansion":null}],"children":[{"message":"`#[warn(unused_imports)]` on by default","code":null,"level":"note","spans":[],"children":[],"rendered":null},{"message":"remove the unused import","code":null,"level":"help","spans":[{"file_name":"crates/halo/examples/examples/scalar_multiplication_sequencer.rs","byte_start":339,"byte_end":360,"line_start":8,"line_end":8,"column_start":50,"column_end":71,"is_primary":true,"text":[{"text":"use halo_recursion::{fold_proof, verify_recursive, AccumulatorInstance};","highlight_start":50,"highlight_end":71}],"label":null,"suggested_replacement":"","suggestion_applicability":"MachineApplicable","expansion":null}],"children":[],"rendered":null}],"rendered":"\u001b[0m\u001b[1m\u001b[33mwarning\u001b[0m\u001b[0m\u001b[1m: unused import: `AccumulatorInstance`\u001b[0m\n\u001b[0m \u001b[0m\u001b[0m\u001b[1m\u001b[38;5;12m--> \u001b[0m\u001b[0mcrates/halo/examples/examples/scalar_multiplication_sequencer.rs:8:52\u001b[0m\n\u001b[0m  \u001b[0m\u001b[0m\u001b[1m\u001b[38;5;12m|\u001b[0m\n\u001b[0m\u001b[1m\u001b[38;5;12m8\u001b[0m\u001b[0m \u001b[0m\u001b[0m\u001b[1m\u001b[38;5;12m|\u001b[0m\u001b[0m \u001b[0m\u001b[0muse halo_recursion::{fold_proof, verify_recursive, AccumulatorInstance};\u001b[0m\n\u001b[0m  \u001b[0m\u001b[0m\u001b[1m\u001b[38;5;12m|\u001b[0m\u001b[0m                                                    \u001b[0m\u001b[0m\u001b[1m\u001b[33m^^^^^^^^^^^^^^^^^^^\u001b[0m\n\u001b[0m  \u001b[0m\u001b[0m\u001b[1m\u001b[38;5;12m|\u001b[0m\n\u001b[0m  \u001b[0m\u001b[0m\u001b[1m\u001b[38;5;12m= \u001b[0m\u001b[0m\u001b[1mnote\u001b[0m\u001b[0m: `#[warn(unused_imports)]` on by default\u001b[0m\n\n"}
{"$message_type":"diagnostic","message":"method `configure` has an incompatible type for trait","code":{"code":"E0053","explanation":"The parameters of any trait method must match between a trait implementation\nand the trait definition.\n\nErroneous code example:\n\n```compile_fail,E0053\ntrait Foo {\n    fn foo(x: u16);\n    fn bar(&self);\n}\n\nstruct Bar;\n\nimpl Foo for Bar {\n    // error, expected u16, found i16\n    fn foo(x: i16) { }\n\n    // error, types differ in mutability\n    fn bar(&mut self) { }\n}\n```\n"},"level":"error","spans":[{"file_name":"crates/halo/examples/examples/scalar_multiplication_sequencer.rs","byte_start":915,"byte_end":927,"line_start":26,"line_end":26,"column_start":46,"column_end":58,"is_primary":true,"text":[{"text":"    fn configure(_config: &CircuitConfig) -> Result<Self>","highlight_start":46,"highlight_end":58}],"label":"expected `HaloError`, found `anyhow::Error`","suggested_replacement":null,"suggestion_applicability":null,"expansion":null}],"children":[{"message":"expected signature `fn(&CircuitConfig) -> Result<_, HaloError>`\n   found signature `fn(&CircuitConfig) -> Result<_, anyhow::Error>`","code":null,"level":"note","spans":[],"children":[],"rendered":null},{"message":"change the output type to match the trait","code":null,"level":"help","spans":[{"file_name":"crates/halo/examples/examples/scalar_multiplication_sequencer.rs","byte_start":915,"byte_end":927,"line_start":26,"line_end":26,"column_start":46,"column_end":58,"is_primary":true,"text":[{"text":"    fn configure(_config: &CircuitConfig) -> Result<Self>","highlight_start":46,"highlight_end":58}],"label":null,"suggested_replacement":"Result<ScalarMultiplicationCircuit, HaloError>","suggestion_applicability":"MachineApplicable","expansion":null}],"children":[],"rendered":null}],"rendered":"\u001b[0m\u001b[1m\u001b[38;5;9merror[E0053]\u001b[0m\u001b[0m\u001b[1m: method `configure` has an incompatible type for trait\u001b[0m\n\u001b[0m  \u001b[0m\u001b[0m\u001b[1m\u001b[38;5;12m--> \u001b[0m\u001b[0mcrates/halo/examples/examples/scalar_multiplication_sequencer.rs:26:46\u001b[0m\n\u001b[0m   \u001b[0m\u001b[0m\u001b[1m\u001b[38;5;12m|\u001b[0m\n\u001b[0m\u001b[1m\u001b[38;5;12m26\u001b[0m\u001b[0m \u001b[0m\u001b[0m\u001b[1m\u001b[38;5;12m|\u001b[0m\u001b[0m \u001b[0m\u001b[0m    fn configure(_config: &CircuitConfig) -> Result<Self>\u001b[0m\n\u001b[0m   \u001b[0m\u001b[0m\u001b[1m\u001b[38;5;12m|\u001b[0m\u001b[0m                                              \u001b[0m\u001b[0m\u001b[1m\u001b[38;5;9m^^^^^^^^^^^^\u001b[0m\u001b[0m \u001b[0m\u001b[0m\u001b[1m\u001b[38;5;9mexpected `HaloError`, found `anyhow::Error`\u001b[0m\n\u001b[0m   \u001b[0m\u001b[0m\u001b[1m\u001b[38;5;12m|\u001b[0m\n\u001b[0m   \u001b[0m\u001b[0m\u001b[1m\u001b[38;5;12m= \u001b[0m\u001b[0m\u001b[1mnote\u001b[0m\u001b[0m: expected signature `fn(&CircuitConfig) -> Result<_, \u001b[0m\u001b[0m\u001b[1m\u001b[35mHaloError\u001b[0m\u001b[0m>`\u001b[0m\n\u001b[0m              found signature `fn(&CircuitConfig) -> Result<_, \u001b[0m\u001b[0m\u001b[1m\u001b[35manyhow::Error\u001b[0m\u001b[0m>`\u001b[0m\n\u001b[0m\u001b[1m\u001b[38;5;14mhelp\u001b[0m\u001b[0m: change the output type to match the trait\u001b[0m\n\u001b[0m   \u001b[0m\u001b[0m\u001b[1m\u001b[38;5;12m|\u001b[0m\n\u001b[0m\u001b[1m\u001b[38;5;12m26\u001b[0m\u001b[0m \u001b[0m\u001b[0m\u001b[38;5;9m- \u001b[0m\u001b[0m    fn configure(_config: &CircuitConfig) -> \u001b[0m\u001b[0m\u001b[38;5;9mResult<Self>\u001b[0m\n\u001b[0m\u001b[1m\u001b[38;5;12m26\u001b[0m\u001b[0m \u001b[0m\u001b[0m\u001b[38;5;10m+ \u001b[0m\u001b[0m    fn configure(_config: &CircuitConfig) -> \u001b[0m\u001b[0m\u001b[38;5;10mResult<ScalarMultiplicationCircuit, HaloError>\u001b[0m\n\u001b[0m   \u001b[0m\u001b[0m\u001b[1m\u001b[38;5;12m|\u001b[0m\n\n"}
{"$message_type":"diagnostic","message":"method `synthesize` has an incompatible type for trait","code":{"code":"E0053","explanation":"The parameters of any trait method must match between a trait implementation\nand the trait definition.\n\nErroneous code example:\n\n```compile_fail,E0053\ntrait Foo {\n    fn foo(x: u16);\n    fn bar(&self);\n}\n\nstruct Bar;\n\nimpl Foo for Bar {\n    // error, expected u16, found i16\n    fn foo(x: i16) { }\n\n    // error, types differ in mutability\n    fn bar(&mut self) { }\n}\n```\n"},"level":"error","spans":[{"file_name":"crates/halo/examples/examples/scalar_multiplication_sequencer.rs","byte_start":1317,"byte_end":1327,"line_start":39,"line_end":39,"column_start":29,"column_end":39,"is_primary":true,"text":[{"text":"    fn synthesize(&self) -> Result<()> {","highlight_start":29,"highlight_end":39}],"label":"expected `HaloError`, found `anyhow::Error`","suggested_replacement":null,"suggestion_applicability":null,"expansion":null}],"children":[{"message":"expected signature `fn(&ScalarMultiplicationCircuit) -> Result<_, HaloError>`\n   found signature `fn(&ScalarMultiplicationCircuit) -> Result<_, anyhow::Error>`","code":null,"level":"note","spans":[],"children":[],"rendered":null},{"message":"change the output type to match the trait","code":null,"level":"help","spans":[{"file_name":"crates/halo/examples/examples/scalar_multiplication_sequencer.rs","byte_start":1317,"byte_end":1327,"line_start":39,"line_end":39,"column_start":29,"column_end":39,"is_primary":true,"text":[{"text":"    fn synthesize(&self) -> Result<()> {","highlight_start":29,"highlight_end":39}],"label":null,"suggested_replacement":"Result<(), HaloError>","suggestion_applicability":"MachineApplicable","expansion":null}],"children":[],"rendered":null}],"rendered":"\u001b[0m\u001b[1m\u001b[38;5;9merror[E0053]\u001b[0m\u001b[0m\u001b[1m: method `synthesize` has an incompatible type for trait\u001b[0m\n\u001b[0m  \u001b[0m\u001b[0m\u001b[1m\u001b[38;5;12m--> \u001b[0m\u001b[0mcrates/halo/examples/examples/scalar_multiplication_sequencer.rs:39:29\u001b[0m\n\u001b[0m   \u001b[0m\u001b[0m\u001b[1m\u001b[38;5;12m|\u001b[0m\n\u001b[0m\u001b[1m\u001b[38;5;12m39\u001b[0m\u001b[0m \u001b[0m\u001b[0m\u001b[1m\u001b[38;5;12m|\u001b[0m\u001b[0m \u001b[0m\u001b[0m    fn synthesize(&self) -> Result<()> {\u001b[0m\n\u001b[0m   \u001b[0m\u001b[0m\u001b[1m\u001b[38;5;12m|\u001b[0m\u001b[0m                             \u001b[0m\u001b[0m\u001b[1m\u001b[38;5;9m^^^^^^^^^^\u001b[0m\u001b[0m \u001b[0m\u001b[0m\u001b[1m\u001b[38;5;9mexpected `HaloError`, found `anyhow::Error`\u001b[0m\n\u001b[0m   \u001b[0m\u001b[0m\u001b[1m\u001b[38;5;12m|\u001b[0m\n\u001b[0m   \u001b[0m\u001b[0m\u001b[1m\u001b[38;5;12m= \u001b[0m\u001b[0m\u001b[1mnote\u001b[0m\u001b[0m: expected signature `fn(&ScalarMultiplicationCircuit) -> Result<_, \u001b[0m\u001b[0m\u001b[1m\u001b[35mHaloError\u001b[0m\u001b[0m>`\u001b[0m\n\u001b[0m              found signature `fn(&ScalarMultiplicationCircuit) -> Result<_, \u001b[0m\u001b[0m\u001b[1m\u001b[35manyhow::Error\u001b[0m\u001b[0m>`\u001b[0m\n\u001b[0m\u001b[1m\u001b[38;5;14mhelp\u001b[0m\u001b[0m: change the output type to match the trait\u001b[0m\n\u001b[0m   \u001b[0m\u001b[0m\u001b[1m\u001b[38;5;12m|\u001b[0m\n\u001b[0m\u001b[1m\u001b[38;5;12m39\u001b[0m\u001b[0m \u001b[0m\u001b[0m\u001b[1m\u001b[38;5;12m| \u001b[0m\u001b[0m    fn synthesize(&self) -> Result<()\u001b[0m\u001b[0m\u001b[38;5;10m, HaloError\u001b[0m\u001b[0m> {\u001b[0m\n\u001b[0m   \u001b[0m\u001b[0m\u001b[1m\u001b[38;5;12m|\u001b[0m\u001b[0m                                      \u001b[0m\u001b[0m\u001b[38;5;10m+++++++++++\u001b[0m\n\n"}
{"$message_type":"diagnostic","message":"no method named `to_curve` found for struct `bls12_381::g1::G1Affine` in the current scope","code":{"code":"E0599","explanation":"This error occurs when a method is used on a type which doesn't implement it:\n\nErroneous code example:\n\n```compile_fail,E0599\nstruct Mouth;\n\nlet x = Mouth;\nx.chocolate(); // error: no method named `chocolate` found for type `Mouth`\n               //        in the current scope\n```\n\nIn this case, you need to implement the `chocolate` method to fix the error:\n\n```\nstruct Mouth;\n\nimpl Mouth {\n    fn chocolate(&self) { // We implement the `chocolate` method here.\n        println!(\"Hmmm! I love chocolate!\");\n    }\n}\n\nlet x = Mouth;\nx.chocolate(); // ok!\n```\n"},"level":"error","spans":[{"file_name":"crates/halo/examples/examples/scalar_multiplication_sequencer.rs","byte_start":1410,"byte_end":1418,"line_start":41,"line_end":41,"column_start":35,"column_end":43,"is_primary":true,"text":[{"text":"        let computed = (self.base.to_curve() * self.scalar).to_affine();","highlight_start":35,"highlight_end":43}],"label":"method not found in `bls12_381::g1::G1Affine`","suggested_replacement":null,"suggestion_applicability":null,"expansion":null},{"file_name":"/home/runner/.cargo/registry/src/index.crates.io-1949cf8c6b5b557f/group-0.13.0/src/prime.rs","byte_start":1556,"byte_end":1564,"line_start":49,"line_end":49,"column_start":8,"column_end":16,"is_primary":false,"text":[{"text":"    fn to_curve(&self) -> Self::Curve;","highlight_start":8,"highlight_end":16}],"label":"the method is available for `bls12_381::g1::G1Affine` here","suggested_replacement":null,"suggestion_applicability":null,"expansion":null}],"children":[{"message":"items from traits can only be used if the trait is in scope","code":null,"level":"help","spans":[],"children":[],"rendered":null},{"message":"trait `PrimeCurveAffine` which provides `to_curve` is implemented but not in scope; perhaps you want to import it","code":null,"level":"help","spans":[{"file_name":"crates/halo/examples/examples/scalar_multiplication_sequencer.rs","byte_start":185,"byte_end":185,"line_start":6,"line_end":6,"column_start":1,"column_end":1,"is_primary":true,"text":[{"text":"use anyhow::Result;","highlight_start":1,"highlight_end":1}],"label":null,"suggested_replacement":"use group::prime::PrimeCurveAffine;\n","suggestion_applicability":"MaybeIncorrect","expansion":null}],"children":[],"rendered":null}],"rendered":"\u001b[0m\u001b[1m\u001b[38;5;9merror[E0599]\u001b[0m\u001b[0m\u001b[1m: no method named `to_curve` found for struct `bls12_381::g1::G1Affine` in the current scope\u001b[0m\n\u001b[0m  \u001b[0m\u001b[0m\u001b[1m\u001b[38;5;12m--> \u001b[0m\u001b[0mcrates/halo/examples/examples/scalar_multiplication_sequencer.rs:41:35\u001b[0m\n\u001b[0m   \u001b[0m\u001b[0m\u001b[1m\u001b[38;5;12m|\u001b[0m\n\u001b[0m\u001b[1m\u001b[38;5;12m41\u001b[0m\u001b[0m \u001b[0m\u001b[0m\u001b[1m\u001b[38;5;12m|\u001b[0m\u001b[0m \u001b[0m\u001b[0m        let computed = (self.base.to_curve() * self.scalar).to_affine();\u001b[0m\n\u001b[0m   \u001b[0m\u001b[0m\u001b[1m\u001b[38;5;12m|\u001b[0m\u001b[0m                                   \u001b[0m\u001b[0m\u001b[1m\u001b[38;5;9m^^^^^^^^\u001b[0m\u001b[0m \u001b[0m\u001b[0m\u001b[1m\u001b[38;5;9mmethod not found in `bls12_381::g1::G1Affine`\u001b[0m\n\u001b[0m   \u001b[0m\u001b[0m\u001b[1m\u001b[38;5;12m|\u001b[0m\n\u001b[0m  \u001b[0m\u001b[0m\u001b[1m\u001b[38;5;12m::: \u001b[0m\u001b[0m/home/runner/.cargo/registry/src/index.crates.io-1949cf8c6b5b557f/group-0.13.0/src/prime.rs:49:8\u001b[0m\n\u001b[0m   \u001b[0m\u001b[0m\u001b[1m\u001b[38;5;12m|\u001b[0m\n\u001b[0m\u001b[1m\u001b[38;5;12m49\u001b[0m\u001b[0m \u001b[0m\u001b[0m\u001b[1m\u001b[38;5;12m|\u001b[0m\u001b[0m \u001b[0m\u001b[0m    fn to_curve(&self) -> Self::Curve;\u001b[0m\n\u001b[0m   \u001b[0m\u001b[0m\u001b[1m\u001b[38;5;12m|\u001b[0m\u001b[0m        \u001b[0m\u001b[0m\u001b[1m\u001b[38;5;12m--------\u001b[0m\u001b[0m \u001b[0m\u001b[0m\u001b[1m\u001b[38;5;12mthe method is available for `bls12_381::g1::G1Affine` here\u001b[0m\n\u001b[0m   \u001b[0m\u001b[0m\u001b[1m\u001b[38;5;12m|\u001b[0m\n\u001b[0m   \u001b[0m\u001b[0m\u001b[1m\u001b[38;5;12m= \u001b[0m\u001b[0m\u001b[1mhelp\u001b[0m\u001b[0m: items from traits can only be used if the trait is in scope\u001b[0m\n\u001b[0m\u001b[1m\u001b[38;5;14mhelp\u001b[0m\u001b[0m: trait `PrimeCurveAffine` which provides `to_curve` is implemented but not in scope; perhaps you want to import it\u001b[0m\n\u001b[0m   \u001b[0m\u001b[0m\u001b[1m\u001b[38;5;12m|\u001b[0m\n\u001b[0m\u001b[1m\u001b[38;5;12m6\u001b[0m\u001b[0m  \u001b[0m\u001b[0m\u001b[38;5;10m+ use group::prime::PrimeCurveAffine;\u001b[0m\n\u001b[0m   \u001b[0m\u001b[0m\u001b[1m\u001b[38;5;12m|\u001b[0m\n\n"}
{"$message_type":"diagnostic","message":"this function takes 3 arguments but 2 arguments were supplied","code":{"code":"E0061","explanation":"An invalid number of arguments was passed when calling a function.\n\nErroneous code example:\n\n```compile_fail,E0061\nfn f(u: i32) {}\n\nf(); // error!\n```\n\nThe number of arguments passed to a function must match the number of arguments\nspecified in the function signature.\n\nFor example, a function like:\n\n```\nfn f(a: u16, b: &str) {}\n```\n\nMust always be called with exactly two arguments, e.g., `f(2, \"test\")`.\n\nNote that Rust does not have a notion of optional function arguments or\nvariadic functions (except for its C-FFI).\n"},"level":"error","spans":[{"file_name":"crates/halo/examples/examples/scalar_multiplication_sequencer.rs","byte_start":3710,"byte_end":3740,"line_start":108,"line_end":108,"column_start":40,"column_end":70,"is_primary":false,"text":[{"text":"        current_proof = Some(fold_proof(current_proof, instance_data)?);","highlight_start":40,"highlight_end":70}],"label":"argument #3 of type `Vec<bls12_381::scalar::Scalar>` is missing","suggested_replacement":null,"suggestion_applicability":null,"expansion":null},{"file_name":"crates/halo/examples/examples/scalar_multiplication_sequencer.rs","byte_start":3700,"byte_end":3710,"line_start":108,"line_end":108,"column_start":30,"column_end":40,"is_primary":true,"text":[{"text":"        current_proof = Some(fold_proof(current_proof, instance_data)?);","highlight_start":30,"highlight_end":40}],"label":null,"suggested_replacement":null,"suggestion_applicability":null,"expansion":null}],"children":[{"message":"expected `Proof`, found `Vec<u8>`","code":null,"level":"note","spans":[{"file_name":"crates/halo/examples/examples/scalar_multiplication_sequencer.rs","byte_start":3726,"byte_end":3739,"line_start":108,"line_end":108,"column_start":56,"column_end":69,"is_primary":true,"text":[{"text":"        current_proof = Some(fold_proof(current_proof, instance_data)?);","highlight_start":56,"highlight_end":69}],"label":null,"suggested_replacement":null,"suggestion_applicability":null,"expansion":null}],"children":[],"rendered":null},{"message":"expected struct `Proof`\n   found struct `Vec<u8>`","code":null,"level":"note","spans":[],"children":[],"rendered":null},{"message":"function defined here","code":null,"level":"note","spans":[{"file_name":"/home/runner/work/zero-knowledge-proofs/zero-knowledge-proofs/crates/halo/halo-recursion/src/folding.rs","byte_start":1601,"byte_end":1611,"line_start":55,"line_end":55,"column_start":8,"column_end":18,"is_primary":true,"text":[{"text":"pub fn fold_proof(","highlight_start":8,"highlight_end":18}],"label":null,"suggested_replacement":null,"suggestion_applicability":null,"expansion":null}],"children":[],"rendered":null},{"message":"provide the argument","code":null,"level":"help","spans":[{"file_name":"crates/halo/examples/examples/scalar_multiplication_sequencer.rs","byte_start":3710,"byte_end":3740,"line_start":108,"line_end":108,"column_start":40,"column_end":70,"is_primary":true,"text":[{"text":"        current_proof = Some(fold_proof(current_proof, instance_data)?);","highlight_start":40,"highlight_end":70}],"label":null,"suggested_replacement":"(current_proof, /* Proof */, /* Vec<bls12_381::scalar::Scalar> */)","suggestion_applicability":"HasPlaceholders","expansion":null}],"children":[],"rendered":null}],"rendered":"\u001b[0m\u001b[1m\u001b[38;5;9merror[E0061]\u001b[0m\u001b[0m\u001b[1m: this function takes 3 arguments but 2 arguments were supplied\u001b[0m\n\u001b[0m   \u001b[0m\u001b[0m\u001b[1m\u001b[38;5;12m--> \u001b[0m\u001b[0mcrates/halo/examples/examples/scalar_multiplication_sequencer.rs:108:30\u001b[0m\n\u001b[0m    \u001b[0m\u001b[0m\u001b[1m\u001b[38;5;12m|\u001b[0m\n\u001b[0m\u001b[1m\u001b[38;5;12m108\u001b[0m\u001b[0m \u001b[0m\u001b[0m\u001b[1m\u001b[38;5;12m|\u001b[0m\u001b[0m \u001b[0m\u001b[0m        current_proof = Some(fold_proof(current_proof, instance_data)?);\u001b[0m\n\u001b[0m    \u001b[0m\u001b[0m\u001b[1m\u001b[38;5;12m|\u001b[0m\u001b[0m                              \u001b[0m\u001b[0m\u001b[1m\u001b[38;5;9m^^^^^^^^^^\u001b[0m\u001b[0m\u001b[1m\u001b[38;5;12m------------------------------\u001b[0m\u001b[0m \u001b[0m\u001b[0m\u001b[1m\u001b[38;5;12margument #3 of type `Vec<bls12_381::scalar::Scalar>` is missing\u001b[0m\n\u001b[0m    \u001b[0m\u001b[0m\u001b[1m\u001b[38;5;12m|\u001b[0m\n\u001b[0m\u001b[1m\u001b[38;5;10mnote\u001b[0m\u001b[0m: expected `Proof`, found `Vec<u8>`\u001b[0m\n\u001b[0m   \u001b[0m\u001b[0m\u001b[1m\u001b[38;5;12m--> \u001b[0m\u001b[0mcrates/halo/examples/examples/scalar_multiplication_sequencer.rs:108:56\u001b[0m\n\u001b[0m    \u001b[0m\u001b[0m\u001b[1m\u001b[38;5;12m|\u001b[0m\n\u001b[0m\u001b[1m\u001b[38;5;12m108\u001b[0m\u001b[0m \u001b[0m\u001b[0m\u001b[1m\u001b[38;5;12m|\u001b[0m\u001b[0m \u001b[0m\u001b[0m        current_proof = Some(fold_proof(current_proof, instance_data)?);\u001b[0m\n\u001b[0m    \u001b[0m\u001b[0m\u001b[1m\u001b[38;5;12m|\u001b[0m\u001b[0m                                                        \u001b[0m\u001b[0m\u001b[1m\u001b[38;5;10m^^^^^^^^^^^^^\u001b[0m\n\u001b[0m    \u001b[0m\u001b[0m\u001b[1m\u001b[38;5;12m= \u001b[0m\u001b[0m\u001b[1mnote\u001b[0m\u001b[0m: expected struct `\u001b[0m\u001b[0m\u001b[1m\u001b[35mProof\u001b[0m\u001b[0m`\u001b[0m\n\u001b[0m               found struct `\u001b[0m\u001b[0m\u001b[1m\u001b[35mVec<u8>\u001b[0m\u001b[0m`\u001b[0m\n\u001b[0m\u001b[1m\u001b[38;5;10mnote\u001b[0m\u001b[0m: function defined here\u001b[0m\n\u001b[0m   \u001b[0m\u001b[0m\u001b[1m\u001b[38;5;12m--> \u001b[0m\u001b[0m/home/runner/work/zero-knowledge-proofs/zero-knowledge-proofs/crates/halo/halo-recursion/src/folding.rs:55:8\u001b[0m\n\u001b[0m    \u001b[0m\u001b[0m\u001b[1m\u001b[38;5;12m|\u001b[0m\n\u001b[0m\u001b[1m\u001b[38;5;12m55\u001b[0m\u001b[0m  \u001b[0m\u001b[0m\u001b[1m\u001b[38;5;12m|\u001b[0m\u001b[0m \u001b[0m\u001b[0mpub fn fold_proof(\u001b[0m\n\u001b[0m    \u001b[0m\u001b[0m\u001b[1m\u001b[38;5;12m|\u001b[0m\u001b[0m        \u001b[0m\u001b[0m\u001b[1m\u001b[38;5;10m^^^^^^^^^^\u001b[0m\n\u001b[0m\u001b[1m\u001b[38;5;14mhelp\u001b[0m\u001b[0m: provide the argument\u001b[0m\n\u001b[0m    \u001b[0m\u001b[0m\u001b[1m\u001b[38;5;12m|\u001b[0m\n\u001b[0m\u001b[1m\u001b[38;5;12m108\u001b[0m\u001b[0m \u001b[0m\u001b[0m\u001b[38;5;9m- \u001b[0m\u001b[0m        current_proof = Some(fold_proof\u001b[0m\u001b[0m\u001b[38;5;9m(current_proof, instance_data)\u001b[0m\u001b[0m?);\u001b[0m\n\u001b[0m\u001b[1m\u001b[38;5;12m108\u001b[0m\u001b[0m \u001b[0m\u001b[0m\u001b[38;5;10m+ \u001b[0m\u001b[0m        current_proof = Some(fold_proof\u001b[0m\u001b[0m\u001b[38;5;10m(current_proof, /* Proof */, /* Vec<bls12_381::scalar::Scalar> */)\u001b[0m\u001b[0m?);\u001b[0m\n\u001b[0m    \u001b[0m\u001b[0m\u001b[1m\u001b[38;5;12m|\u001b[0m\n\n"}
{"$message_type":"diagnostic","message":"mismatched types","code":{"code":"E0308","explanation":"Expected type did not match the received type.\n\nErroneous code examples:\n\n```compile_fail,E0308\nfn plus_one(x: i32) -> i32 {\n    x + 1\n}\n\nplus_one(\"Not a number\");\n//       ^^^^^^^^^^^^^^ expected `i32`, found `&str`\n\nif \"Not a bool\" {\n// ^^^^^^^^^^^^ expected `bool`, found `&str`\n}\n\nlet x: f32 = \"Not a float\";\n//     ---   ^^^^^^^^^^^^^ expected `f32`, found `&str`\n//     |\n//     expected due to this\n```\n\nThis error occurs when an expression was used in a place where the compiler\nexpected an expression of a different type. It can occur in several cases, the\nmost common being when calling a function and passing an argument which has a\ndifferent type than the matching type in the function declaration.\n"},"level":"error","spans":[{"file_name":"crates/halo/examples/examples/scalar_multiplication_sequencer.rs","byte_start":3695,"byte_end":3742,"line_start":108,"line_end":108,"column_start":25,"column_end":72,"is_primary":true,"text":[{"text":"        current_proof = Some(fold_proof(current_proof, instance_data)?);","highlight_start":25,"highlight_end":72}],"label":"expected `Option<Accumulator>`, found `Option<FoldingResult>`","suggested_replacement":null,"suggestion_applicability":null,"expansion":null},{"file_name":"crates/halo/examples/examples/scalar_multiplication_sequencer.rs","byte_start":3462,"byte_end":3466,"line_start":101,"line_end":101,"column_start":29,"column_end":33,"is_primary":false,"text":[{"text":"    let mut current_proof = None;","highlight_start":29,"highlight_end":33}],"label":"expected due to this value","suggested_replacement":null,"suggestion_applicability":null,"expansion":null}],"children":[{"message":"expected enum `Option<Accumulator>`\n   found enum `Option<FoldingResult>`","code":null,"level":"note","spans":[],"children":[],"rendered":null}],"rendered":"\u001b[0m\u001b[1m\u001b[38;5;9merror[E0308]\u001b[0m\u001b[0m\u001b[1m: mismatched types\u001b[0m\n\u001b[0m   \u001b[0m\u001b[0m\u001b[1m\u001b[38;5;12m--> \u001b[0m\u001b[0mcrates/halo/examples/examples/scalar_multiplication_sequencer.rs:108:25\u001b[0m\n\u001b[0m    \u001b[0m\u001b[0m\u001b[1m\u001b[38;5;12m|\u001b[0m\n\u001b[0m\u001b[1m\u001b[38;5;12m101\u001b[0m\u001b[0m \u001b[0m\u001b[0m\u001b[1m\u001b[38;5;12m|\u001b[0m\u001b[0m \u001b[0m\u001b[0m    let mut current_proof = None;\u001b[0m\n\u001b[0m    \u001b[0m\u001b[0m\u001b[1m\u001b[38;5;12m|\u001b[0m\u001b[0m                             \u001b[0m\u001b[0m\u001b[1m\u001b[38;5;12m----\u001b[0m\u001b[0m \u001b[0m\u001b[0m\u001b[1m\u001b[38;5;12mexpected due to this value\u001b[0m\n\u001b[0m\u001b[1m\u001b[38;5;12m...\u001b[0m\n\u001b[0m\u001b[1m\u001b[38;5;12m108\u001b[0m\u001b[0m \u001b[0m\u001b[0m\u001b[1m\u001b[38;5;12m|\u001b[0m\u001b[0m \u001b[0m\u001b[0m        current_proof = Some(fold_proof(current_proof, instance_data)?);\u001b[0m\n\u001b[0m    \u001b[0m\u001b[0m\u001b[1m\u001b[38;5;12m|\u001b[0m\u001b[0m                         \u001b[0m\u001b[0m\u001b[1m\u001b[38;5;9m^^^^^^^^^^^^^^^^^^^^^^^^^^^^^^^^^^^^^^^^^^^^^^^\u001b[0m\u001b[0m \u001b[0m\u001b[0m\u001b[1m\u001b[38;5;9mexpected `Option<Accumulator>`, found `Option<FoldingResult>`\u001b[0m\n\u001b[0m    \u001b[0m\u001b[0m\u001b[1m\u001b[38;5;12m|\u001b[0m\n\u001b[0m    \u001b[0m\u001b[0m\u001b[1m\u001b[38;5;12m= \u001b[0m\u001b[0m\u001b[1mnote\u001b[0m\u001b[0m: expected enum `Option<\u001b[0m\u001b[0m\u001b[1m\u001b[35mAccumulator\u001b[0m\u001b[0m>`\u001b[0m\n\u001b[0m               found enum `Option<\u001b[0m\u001b[0m\u001b[1m\u001b[35mFoldingResult\u001b[0m\u001b[0m>`\u001b[0m\n\n"}
{"$message_type":"diagnostic","message":"arguments to this function are incorrect","code":{"code":"E0308","explanation":"Expected type did not match the received type.\n\nErroneous code examples:\n\n```compile_fail,E0308\nfn plus_one(x: i32) -> i32 {\n    x + 1\n}\n\nplus_one(\"Not a number\");\n//       ^^^^^^^^^^^^^^ expected `i32`, found `&str`\n\nif \"Not a bool\" {\n// ^^^^^^^^^^^^ expected `bool`, found `&str`\n}\n\nlet x: f32 = \"Not a float\";\n//     ---   ^^^^^^^^^^^^^ expected `f32`, found `&str`\n//     |\n//     expected due to this\n```\n\nThis error occurs when an expression was used in a place where the compiler\nexpected an expression of a different type. It can occur in several cases, the\nmost common being when calling a function and passing an argument which has a\ndifferent type than the matching type in the function declaration.\n"},"level":"error","spans":[{"file_name":"crates/halo/examples/examples/scalar_multiplication_sequencer.rs","byte_start":4044,"byte_end":4056,"line_start":117,"line_end":117,"column_start":37,"column_end":49,"is_primary":false,"text":[{"text":"    let is_valid = verify_recursive(&final_proof, verification_instance)?;","highlight_start":37,"highlight_end":49}],"label":"expected `&FoldingProof`, found `&Accumulator`","suggested_replacement":null,"suggestion_applicability":null,"expansion":null},{"file_name":"crates/halo/examples/examples/scalar_multiplication_sequencer.rs","byte_start":4058,"byte_end":4079,"line_start":117,"line_end":117,"column_start":51,"column_end":72,"is_primary":false,"text":[{"text":"    let is_valid = verify_recursive(&final_proof, verification_instance)?;","highlight_start":51,"highlight_end":72}],"label":"expected `&AccumulatorInstance`, found `&[u8; 18]`","suggested_replacement":null,"suggestion_applicability":null,"expansion":null},{"file_name":"crates/halo/examples/examples/scalar_multiplication_sequencer.rs","byte_start":4027,"byte_end":4043,"line_start":117,"line_end":117,"column_start":20,"column_end":36,"is_primary":true,"text":[{"text":"    let is_valid = verify_recursive(&final_proof, verification_instance)?;","highlight_start":20,"highlight_end":36}],"label":null,"suggested_replacement":null,"suggestion_applicability":null,"expansion":null}],"children":[{"message":"expected reference `&FoldingProof`\n   found reference `&Accumulator`","code":null,"level":"note","spans":[],"children":[],"rendered":null},{"message":"expected reference `&AccumulatorInstance`\n   found reference `&[u8; 18]`","code":null,"level":"note","spans":[],"children":[],"rendered":null},{"message":"function defined here","code":null,"level":"note","spans":[{"file_name":"/home/runner/work/zero-knowledge-proofs/zero-knowledge-proofs/crates/halo/halo-recursion/src/recursive_verifier.rs","byte_start":8963,"byte_end":8979,"line_start":273,"line_end":273,"column_start":8,"column_end":24,"is_primary":true,"text":[{"text":"pub fn verify_recursive(","highlight_start":8,"highlight_end":24}],"label":null,"suggested_replacement":null,"suggestion_applicability":null,"expansion":null}],"children":[],"rendered":null}],"rendered":"\u001b[0m\u001b[1m\u001b[38;5;9merror[E0308]\u001b[0m\u001b[0m\u001b[1m: arguments to this function are incorrect\u001b[0m\n\u001b[0m   \u001b[0m\u001b[0m\u001b[1m\u001b[38;5;12m--> \u001b[0m\u001b[0mcrates/halo/examples/examples/scalar_multiplication_sequencer.rs:117:20\u001b[0m\n\u001b[0m    \u001b[0m\u001b[0m\u001b[1m\u001b[38;5;12m|\u001b[0m\n\u001b[0m\u001b[1m\u001b[38;5;12m117\u001b[0m\u001b[0m \u001b[0m\u001b[0m\u001b[1m\u001b[38;5;12m|\u001b[0m\u001b[0m \u001b[0m\u001b[0m    let is_valid = verify_recursive(&final_proof, verification_instance)?;\u001b[0m\n\u001b[0m    \u001b[0m\u001b[0m\u001b[1m\u001b[38;5;12m|\u001b[0m\u001b[0m                    \u001b[0m\u001b[0m\u001b[1m\u001b[38;5;9m^^^^^^^^^^^^^^^^\u001b[0m\u001b[0m \u001b[0m\u001b[0m\u001b[1m\u001b[38;5;12m------------\u001b[0m\u001b[0m  \u001b[0m\u001b[0m\u001b[1m\u001b[38;5;12m---------------------\u001b[0m\u001b[0m \u001b[0m\u001b[0m\u001b[1m\u001b[38;5;12mexpected `&AccumulatorInstance`, found `&[u8; 18]`\u001b[0m\n\u001b[0m    \u001b[0m\u001b[0m\u001b[1m\u001b[38;5;12m|\u001b[0m\u001b[0m                                     \u001b[0m\u001b[0m\u001b[1m\u001b[38;5;12m|\u001b[0m\n\u001b[0m    \u001b[0m\u001b[0m\u001b[1m\u001b[38;5;12m|\u001b[0m\u001b[0m                                     \u001b[0m\u001b[0m\u001b[1m\u001b[38;5;12mexpected `&FoldingProof`, found `&Accumulator`\u001b[0m\n\u001b[0m    \u001b[0m\u001b[0m\u001b[1m\u001b[38;5;12m|\u001b[0m\n\u001b[0m    \u001b[0m\u001b[0m\u001b[1m\u001b[38;5;12m= \u001b[0m\u001b[0m\u001b[1mnote\u001b[0m\u001b[0m: expected reference `&\u001b[0m\u001b[0m\u001b[1m\u001b[35mFoldingProof\u001b[0m\u001b[0m`\u001b[0m\n\u001b[0m               found reference `&\u001b[0m\u001b[0m\u001b[1m\u001b[35mAccumulator\u001b[0m\u001b[0m`\u001b[0m\n\u001b[0m    \u001b[0m\u001b[0m\u001b[1m\u001b[38;5;12m= \u001b[0m\u001b[0m\u001b[1mnote\u001b[0m\u001b[0m: expected reference `&\u001b[0m\u001b[0m\u001b[1m\u001b[35mAccumulatorInstance\u001b[0m\u001b[0m`\u001b[0m\n\u001b[0m               found reference `&\u001b[0m\u001b[0m\u001b[1m\u001b[35m[u8; 18]\u001b[0m\u001b[0m`\u001b[0m\n\u001b[0m\u001b[1m\u001b[38;5;10mnote\u001b[0m\u001b[0m: function defined here\u001b[0m\n\u001b[0m   \u001b[0m\u001b[0m\u001b[1m\u001b[38;5;12m--> \u001b[0m\u001b[0m/home/runner/work/zero-knowledge-proofs/zero-knowledge-proofs/crates/halo/halo-recursion/src/recursive_verifier.rs:273:8\u001b[0m\n\u001b[0m    \u001b[0m\u001b[0m\u001b[1m\u001b[38;5;12m|\u001b[0m\n\u001b[0m\u001b[1m\u001b[38;5;12m273\u001b[0m\u001b[0m \u001b[0m\u001b[0m\u001b[1m\u001b[38;5;12m|\u001b[0m\u001b[0m \u001b[0m\u001b[0mpub fn verify_recursive(\u001b[0m\n\u001b[0m    \u001b[0m\u001b[0m\u001b[1m\u001b[38;5;12m|\u001b[0m\u001b[0m        \u001b[0m\u001b[0m\u001b[1m\u001b[38;5;10m^^^^^^^^^^^^^^^^\u001b[0m\n\n"}
{"$message_type":"diagnostic","message":"no method named `to_bytes` found for struct `Accumulator` in the current scope","code":{"code":"E0599","explanation":"This error occurs when a method is used on a type which doesn't implement it:\n\nErroneous code example:\n\n```compile_fail,E0599\nstruct Mouth;\n\nlet x = Mouth;\nx.chocolate(); // error: no method named `chocolate` found for type `Mouth`\n               //        in the current scope\n```\n\nIn this case, you need to implement the `chocolate` method to fix the error:\n\n```\nstruct Mouth;\n\nimpl Mouth {\n    fn chocolate(&self) { // We implement the `chocolate` method here.\n        println!(\"Hmmm! I love chocolate!\");\n    }\n}\n\nlet x = Mouth;\nx.chocolate(); // ok!\n```\n"},"level":"error","spans":[{"file_name":"crates/halo/examples/examples/scalar_multiplication_sequencer.rs","byte_start":4232,"byte_end":4240,"line_start":121,"line_end":121,"column_start":59,"column_end":67,"is_primary":true,"text":[{"text":"        println!(\"   ðŸ“Š Proof size: {} bytes\", final_proof.to_bytes().len());","highlight_start":59,"highlight_end":67}],"label":"method not found in `Accumulator`","suggested_replacement":null,"suggestion_applicability":null,"expansion":null}],"children":[],"rendered":"\u001b[0m\u001b[1m\u001b[38;5;9merror[E0599]\u001b[0m\u001b[0m\u001b[1m: no method named `to_bytes` found for struct `Accumulator` in the current scope\u001b[0m\n\u001b[0m   \u001b[0m\u001b[0m\u001b[1m\u001b[38;5;12m--> \u001b[0m\u001b[0mcrates/halo/examples/examples/scalar_multiplication_sequencer.rs:121:59\u001b[0m\n\u001b[0m    \u001b[0m\u001b[0m\u001b[1m\u001b[38;5;12m|\u001b[0m\n\u001b[0m\u001b[1m\u001b[38;5;12m121\u001b[0m\u001b[0m \u001b[0m\u001b[0m\u001b[1m\u001b[38;5;12m|\u001b[0m\u001b[0m \u001b[0m\u001b[0m        println!(\"   ðŸ“Š Proof size: {} bytes\", final_proof.to_bytes().len());\u001b[0m\n\u001b[0m    \u001b[0m\u001b[0m\u001b[1m\u001b[38;5;12m|\u001b[0m\u001b[0m                                                            \u001b[0m\u001b[0m\u001b[1m\u001b[38;5;9m^^^^^^^^\u001b[0m\u001b[0m \u001b[0m\u001b[0m\u001b[1m\u001b[38;5;9mmethod not found in `Accumulator`\u001b[0m\n\n"}
{"$message_type":"diagnostic","message":"no method named `to_repr` found for struct `bls12_381::scalar::Scalar` in the current scope","code":{"code":"E0599","explanation":"This error occurs when a method is used on a type which doesn't implement it:\n\nErroneous code example:\n\n```compile_fail,E0599\nstruct Mouth;\n\nlet x = Mouth;\nx.chocolate(); // error: no method named `chocolate` found for type `Mouth`\n               //        in the current scope\n```\n\nIn this case, you need to implement the `chocolate` method to fix the error:\n\n```\nstruct Mouth;\n\nimpl Mouth {\n    fn chocolate(&self) { // We implement the `chocolate` method here.\n        println!(\"Hmmm! I love chocolate!\");\n    }\n}\n\nlet x = Mouth;\nx.chocolate(); // ok!\n```\n"},"level":"error","spans":[{"file_name":"crates/halo/examples/examples/scalar_multiplication_sequencer.rs","byte_start":5080,"byte_end":5087,"line_start":139,"line_end":139,"column_start":71,"column_end":78,"is_primary":true,"text":[{"text":"        println!(\"   Challenge {}: {}\", i + 1, hex::encode(&challenge.to_repr()[..8]));","highlight_start":71,"highlight_end":78}],"label":"method not found in `bls12_381::scalar::Scalar`","suggested_replacement":null,"suggestion_applicability":null,"expansion":null},{"file_name":"/home/runner/.cargo/registry/src/index.crates.io-1949cf8c6b5b557f/ff-0.13.1/src/lib.rs","byte_start":9202,"byte_end":9209,"line_start":292,"line_end":292,"column_start":8,"column_end":15,"is_primary":false,"text":[{"text":"    fn to_repr(&self) -> Self::Repr;","highlight_start":8,"highlight_end":15}],"label":"the method is available for `bls12_381::scalar::Scalar` here","suggested_replacement":null,"suggestion_applicability":null,"expansion":null}],"children":[{"message":"items from traits can only be used if the trait is in scope","code":null,"level":"help","spans":[],"children":[],"rendered":null},{"message":"trait `PrimeField` which provides `to_repr` is implemented but not in scope; perhaps you want to import it","code":null,"level":"help","spans":[{"file_name":"crates/halo/examples/examples/scalar_multiplication_sequencer.rs","byte_start":185,"byte_end":185,"line_start":6,"line_end":6,"column_start":1,"column_end":1,"is_primary":true,"text":[{"text":"use anyhow::Result;","highlight_start":1,"highlight_end":1}],"label":null,"suggested_replacement":"use ff::PrimeField;\n","suggestion_applicability":"MaybeIncorrect","expansion":null}],"children":[],"rendered":null}],"rendered":"\u001b[0m\u001b[1m\u001b[38;5;9merror[E0599]\u001b[0m\u001b[0m\u001b[1m: no method named `to_repr` found for struct `bls12_381::scalar::Scalar` in the current scope\u001b[0m\n\u001b[0m   \u001b[0m\u001b[0m\u001b[1m\u001b[38;5;12m--> \u001b[0m\u001b[0mcrates/halo/examples/examples/scalar_multiplication_sequencer.rs:139:71\u001b[0m\n\u001b[0m    \u001b[0m\u001b[0m\u001b[1m\u001b[38;5;12m|\u001b[0m\n\u001b[0m\u001b[1m\u001b[38;5;12m139\u001b[0m\u001b[0m \u001b[0m\u001b[0m\u001b[1m\u001b[38;5;12m|\u001b[0m\u001b[0m \u001b[0m\u001b[0m        println!(\"   Challenge {}: {}\", i + 1, hex::encode(&challenge.to_repr()[..8]));\u001b[0m\n\u001b[0m    \u001b[0m\u001b[0m\u001b[1m\u001b[38;5;12m|\u001b[0m\u001b[0m                                                                       \u001b[0m\u001b[0m\u001b[1m\u001b[38;5;9m^^^^^^^\u001b[0m\u001b[0m \u001b[0m\u001b[0m\u001b[1m\u001b[38;5;9mmethod not found in `bls12_381::scalar::Scalar`\u001b[0m\n\u001b[0m    \u001b[0m\u001b[0m\u001b[1m\u001b[38;5;12m|\u001b[0m\n\u001b[0m   \u001b[0m\u001b[0m\u001b[1m\u001b[38;5;12m::: \u001b[0m\u001b[0m/home/runner/.cargo/registry/src/index.crates.io-1949cf8c6b5b557f/ff-0.13.1/src/lib.rs:292:8\u001b[0m\n\u001b[0m    \u001b[0m\u001b[0m\u001b[1m\u001b[38;5;12m|\u001b[0m\n\u001b[0m\u001b[1m\u001b[38;5;12m292\u001b[0m\u001b[0m \u001b[0m\u001b[0m\u001b[1m\u001b[38;5;12m|\u001b[0m\u001b[0m \u001b[0m\u001b[0m    fn to_repr(&self) -> Self::Repr;\u001b[0m\n\u001b[0m    \u001b[0m\u001b[0m\u001b[1m\u001b[38;5;12m|\u001b[0m\u001b[0m        \u001b[0m\u001b[0m\u001b[1m\u001b[38;5;12m-------\u001b[0m\u001b[0m \u001b[0m\u001b[0m\u001b[1m\u001b[38;5;12mthe method is available for `bls12_381::scalar::Scalar` here\u001b[0m\n\u001b[0m    \u001b[0m\u001b[0m\u001b[1m\u001b[38;5;12m|\u001b[0m\n\u001b[0m    \u001b[0m\u001b[0m\u001b[1m\u001b[38;5;12m= \u001b[0m\u001b[0m\u001b[1mhelp\u001b[0m\u001b[0m: items from traits can only be used if the trait is in scope\u001b[0m\n\u001b[0m\u001b[1m\u001b[38;5;14mhelp\u001b[0m\u001b[0m: trait `PrimeField` which provides `to_repr` is implemented but not in scope; perhaps you want to import it\u001b[0m\n\u001b[0m    \u001b[0m\u001b[0m\u001b[1m\u001b[38;5;12m|\u001b[0m\n\u001b[0m\u001b[1m\u001b[38;5;12m6\u001b[0m\u001b[0m   \u001b[0m\u001b[0m\u001b[38;5;10m+ use ff::PrimeField;\u001b[0m\n\u001b[0m    \u001b[0m\u001b[0m\u001b[1m\u001b[38;5;12m|\u001b[0m\n\n"}
{"$message_type":"diagnostic","message":"unused import: `Group`","code":{"code":"unused_imports","explanation":null},"level":"warning","spans":[{"file_name":"crates/halo/examples/examples/scalar_multiplication_sequencer.rs","byte_start":478,"byte_end":483,"line_start":10,"line_end":10,"column_start":13,"column_end":18,"is_primary":true,"text":[{"text":"use group::{Group, Curve};","highlight_start":13,"highlight_end":18}],"label":null,"suggested_replacement":null,"suggestion_applicability":null,"expansion":null}],"children":[],"rendered":"\u001b[0m\u001b[1m\u001b[33mwarning\u001b[0m\u001b[0m\u001b[1m: unused import: `Group`\u001b[0m\n\u001b[0m  \u001b[0m\u001b[0m\u001b[1m\u001b[38;5;12m--> \u001b[0m\u001b[0mcrates/halo/examples/examples/scalar_multiplication_sequencer.rs:10:13\u001b[0m\n\u001b[0m   \u001b[0m\u001b[0m\u001b[1m\u001b[38;5;12m|\u001b[0m\n\u001b[0m\u001b[1m\u001b[38;5;12m10\u001b[0m\u001b[0m \u001b[0m\u001b[0m\u001b[1m\u001b[38;5;12m|\u001b[0m\u001b[0m \u001b[0m\u001b[0muse group::{Group, Curve};\u001b[0m\n\u001b[0m   \u001b[0m\u001b[0m\u001b[1m\u001b[38;5;12m|\u001b[0m\u001b[0m             \u001b[0m\u001b[0m\u001b[1m\u001b[33m^^^^^\u001b[0m\n\n"}
{"$message_type":"diagnostic","message":"aborting due to 11 previous errors; 2 warnings emitted","code":null,"level":"error","spans":[],"children":[],"rendered":"\u001b[0m\u001b[1m\u001b[38;5;9merror\u001b[0m\u001b[0m\u001b[1m: aborting due to 11 previous errors; 2 warnings emitted\u001b[0m\n\n"}
{"$message_type":"diagnostic","message":"Some errors have detailed explanations: E0053, E0061, E0308, E0432, E0433, E0599.","code":null,"level":"failure-note","spans":[],"children":[],"rendered":"\u001b[0m\u001b[1mSome errors have detailed explanations: E0053, E0061, E0308, E0432, E0433, E0599.\u001b[0m\n"}
{"$message_type":"diagnostic","message":"For more information about an error, try `rustc --explain E0053`.","code":null,"level":"failure-note","spans":[],"children":[],"rendered":"\u001b[0m\u001b[1mFor more information about an error, try `rustc --explain E0053`.\u001b[0m\n"}
